# Many of these names will have to be swapped later; e.g. we now have _dup()
# calling dup(), but will later want dup() to be the alias and _dup() to be
# the "real" symbol.

#file           actual name     aliased name    systems
#######################################################################################################################
#               #               #               DOS-16
#               #               #               #   DOS-32
#               #               #               #   #   NT-386
#               #               #               #   #   #   NT-ALPHA
#               #               #               #   #   #   #   NT-PPC
#               #               #               #   #   #   #   #   NETWARE-CLIB
#               #               #               #   #   #   #   #   #   NETWARE-LIBC
#               #               #               #   #   #   #   #   #   #   OS/2-16
#               #               #               #   #   #   #   #   #   #   #   OS2/32
#               #               #               #   #   #   #   #   #   #   #   #   QNX-16
#               #               #               #   #   #   #   #   #   #   #   #   #   QNX-32
#               #               #               #   #   #   #   #   #   #   #   #   #   #   WIN-16
#               #               #               #   #   #   #   #   #   #   #   #   #   #   #   WIN-32
#               #               #               #   #   #   #   #   #   #   #   #   #   #   #   #   OSI
#               #               #               #   #   #   #   #   #   #   #   #   #   #   #   #   #   LINUX
#               #               #               #   #   #   #   #   #   #   #   #   #   #   #   #   #   #   LINUX-PPC
#               #               #               #   #   #   #   #   #   #   #   #   #   #   #   #   #   #   #   LINUX-MIPS
#               #               #               #   #   #   #   #   #   #   #   #   #   #   #   #   #   #   #   #   ZDOS
#               #               #               #   #   #   #   #   #   #   #   #   #   #   #   #   #   #   #   #   #   ZDOSDRV
#               #               #               #   #   #   #   #   #   #   #   #   #   #   #   #   #   #   #   #   #   #
#               #               #               #   #   #   #   #   #   #   #   #   #   #   #   #   #   #   #   #   #   #
###########################################################################################################################
access          access          _access         d16 d32 nt  nta ntp         o16 o32         w16 w32                 zda zdd
atoi64          atoll           _atoi64         d16 d32 nt  nta ntp nvc nvl o16 o32 q16 q32 w16 w32 osi l32         zda zdd
close_          close           _close          d16 d32 nt  nta ntp         o16 o32         w16 w32                 zda zdd
chdir_          chdir           _chdir          d16 d32 nt  nta ntp         o16 o32         w16 w32 osi             zda zdd
chmod_          chmod           _chmod          d16 d32 nt  nta ntp         o16 o32         w16 w32 osi             zda zdd
chsize          chsize          _chsize         d16 d32 nt  nta ntp         o16 o32         w16 w32 osi             zda zdd
creat_          creat           _creat          d16 d32 nt  nta ntp         o16 o32         w16 w32 osi             zda zdd
cwait_          cwait           _cwait                  nt  nta ntp         o16 o32
dup___          dup             _dup            d16 d32 nt  nta ntp         o16 o32         w16 w32 osi             zda zdd
dup2__          dup2            _dup2           d16 d32 nt  nta ntp         o16 o32         w16 w32 osi             zda zdd
eof___          eof             _eof            d16 d32 nt  nta ntp         o16 o32         w16 w32 osi             zda zdd
fdopen          fdopen          _fdopen         d16 d32 nt  nta ntp nvc nvl o16 o32 q16 q32 w16 w32 osi l32         zda zdd
fgetch          fgetchar        _fgetchar       d16 d32 nt  nta ntp nvc nvl o16 o32 q16 q32 w16 w32 osi l32         zda zdd
fgetwc          fgetwchar       _fgetwchar      d16 d32 nt  nta ntp         o16 o32 q16 q32 w16 w32     l32         zda zdd
flelen          filelength      _filelength     d16 d32 nt  nta ntp         o16 o32         w16 w32 osi             zda zdd
fileno          fileno          _fileno         d16 d32 nt  nta ntp         o16 o32         w16 w32 osi             zda zdd
fputch          fputchar        _fputchar       d16 d32 nt  nta ntp nvc nvl o16 o32 q16 q32 w16 w32 osi l32         zda zdd
fputwc          fputwchar       _fputwchar      d16 d32 nt  nta ntp         o16 o32 q16 q32 w16 w32     l32         zda zdd
fstat_          fstat           _fstat          d16 d32 nt  nta ntp         o16 o32         w16 w32 osi             zda zdd
ftime_          ftime           _ftime          d16 d32 nt  nta ntp         o16 o32 q16 q21 w16 w32 osi l32         zda zdd
getch_          getch           _getch          d16 d32 nt  nta ntp         o16 o32 q16 q32 w16 w32 osi l32         zda zdd
getche          getche          _getche         d16 d32 nt  nta ntp         o16 o32 q16 q32 w16 w32 osi l32         zda zdd
getcwd          getcwd          _getcwd         d16 d32 nt  nta ntp         o16 o32         w16 w32 osi             zda zdd
getws_          getws           _getws          d16 d32 nt  nta ntp         o16 o32 q16 q32 w16 w32     l32         zda zdd
dopen_          _hdopen         _dopen          d16 d32 nt  nta ntp nvc nvl o16 o32 q16 q32 w16 w32     l32         zda zdd
isatty          isatty          _isatty         d16 d32 nt  nta ntp         o16 o32         w16 w32 osi             zda zdd
_isasc          isascii         __isascii       d16 d32 nt  nta ntp nvc nvl o16 o32 q16 q32 w16 w32 osi l32         zda zdd
iscsym          __iscsym        iscsym          d16 d32 nt  nta ntp nvc nvl o16 o32 q16 q32 w16 w32 osi l32         zda zdd
iscsyf          __iscsymf       iscsymf         d16 d32 nt  nta ntp nvc nvl o16 o32 q16 q32 w16 w32 osi l32         zda zdd
ismbbk          _ismbbkalpha    _ismbbkalnum    d16 d32 nt  nta ntp         o16 o32         w16 w32 osi             zda zdd
islead          _ismbblead      isleadbyte      d16 d32 nt  nta ntp         o16 o32         w16 w32 osi             zda zdd
itoa__          itoa            _itoa           d16 d32 nt  nta ntp nvc nvl o16 o32 q16 q32 w16 w32 osi l32         zda zdd
utoa__          utoa            _utoa           d16 d32 nt  nta ntp nvc nvl o16 o32 q16 q32 w16 w32 osi l32         zda zdd
kbhit_          kbhit           _kbhit          d16 d32 nt  nta ntp         o16 o32         w16 w32 osi             zda zdd
lockin          locking         _locking        d16 d32 nt  nta ntp         o16 o32 q16 q32 w16 w32     l32         zda zdd
lseek_          lseek           _lseek          d16 d32 nt  nta ntp         o16 o32         w16 w32 osi             zda zdd
ltoa__          ltoa            _ltoa           d16 d32 nt  nta ntp nvc nvl o16 o32 q16 q32 w16 w32 osi l32         zda zdd
i64toa          lltoa           _i64toa         d16 d32 nt  nta ntp nvc nvl o16 o32 q16 q32 w16 w32 osi l32         zda zdd
lltoa_          lltoa           _lltoa          d16 d32 nt  nta ntp nvc nvl o16 o32 q16 q32 w16 w32 osi l32         zda zdd
ultoa_          ultoa           _ultoa          d16 d32 nt  nta ntp nvc nvl o16 o32 q16 q32 w16 w32 osi l32         zda zdd
ulltoa          ulltoa          _ulltoa         d16 d32 nt  nta ntp nvc nvl o16 o32 q16 q32 w16 w32 osi l32         zda zdd
u64toa          ulltoa          _ui64toa        d16 d32 nt  nta ntp nvc nvl o16 o32 q16 q32 w16 w32 osi l32         zda zdd
stti64          strtoll         _strtoi64       d16 d32 nt  nta ntp nvc nvl o16 o32 q16 q32 w16 w32 osi l32         zda zdd
sttu64          strtoull        _strtoui64      d16 d32 nt  nta ntp nvc nvl o16 o32 q16 q32 w16 w32 osi l32         zda zdd
tccmp_          _mbccmp         _tccmp          d16 d32 nt  nta ntp         o16 o32 q16 q32 w16 w32 osi l32         zda zdd
tccpy_          _mbccpy         _tccpy          d16 d32 nt  nta ntp         o16 o32 q16 q32 w16 w32 osi l32         zda zdd
tclen_          _mbclen         _tclen          d16 d32 nt  nta ntp         o16 o32 q16 q32 w16 w32 osi l32         zda zdd
tcschr          _mbschr         _tcschr         d16 d32 nt  nta ntp         o16 o32 q16 q32 w16 w32 osi l32         zda zdd
mbscol          _mbscmp         _mbscoll        d16 d32 nt  nta ntp         o16 o32         w16 w32 osi             zda zdd
tcscmp          _mbscmp         _tcscmp         d16 d32 nt  nta ntp         o16 o32 q16 q32 w16 w32 osi l32         zda zdd
tcscol          _mbscmp         _tcscoll        d16 d32 nt  nta ntp         o16 o32 q16 q32 w16 w32 osi l32         zda zdd
tcscsp          _mbscspn        _tcscspn        d16 d32 nt  nta ntp         o16 o32 q16 q32 w16 w32 osi l32         zda zdd
tcsdec          _mbsdec         _tcsdec         d16 d32 nt  nta ntp         o16 o32 q16 q32 w16 w32 osi l32         zda zdd
mbsico          _mbsicmp        _mbsicoll       d16 d32 nt  nta ntp         o16 o32         w16 w32 osi             zda zdd
tcsicm          _mbsicmp        _tcsicmp        d16 d32 nt  nta ntp         o16 o32 q16 q32 w16 w32 osi l32         zda zdd
tcsico          _mbsicmp        _tcsicoll       d16 d32 nt  nta ntp         o16 o32 q16 q32 w16 w32 osi l32         zda zdd
tcsinc          _mbsinc         _tcsinc         d16 d32 nt  nta ntp         o16 o32 q16 q32 w16 w32 osi l32         zda zdd
tcscle          _mbslen         _tcsclen        d16 d32 nt  nta ntp         o16 o32 q16 q32 w16 w32 osi l32         zda zdd
tcslwr          _mbslwr         _tcslwr         d16 d32 nt  nta ntp         o16 o32 q16 q32 w16 w32 osi l32         zda zdd
tcsnbc          _mbsnbcnt       _tcsnbcnt       d16 d32 nt  nta ntp         o16 o32 q16 q32 w16 w32 osi l32         zda zdd
tcsnca          _mbsnbcat       _tcsncat        d16 d32 nt  nta ntp         o16 o32 q16 q32 w16 w32 osi l32         zda zdd
mbsnbc          _mbsnbcmp       _mbsnbcoll      d16 d32 nt  nta ntp         o16 o32         w16 w32 osi             zda zdd
tcsncm          _mbsnbcmp       _tcsncmp        d16 d32 nt  nta ntp         o16 o32 q16 q32 w16 w32 osi l32         zda zdd
tcsnco          _mbsnbcmp       _tcsncoll       d16 d32 nt  nta ntp         o16 o32 q16 q32 w16 w32 osi l32         zda zdd
tcsncp          _mbsnbcpy       _tcsncpy        d16 d32 nt  nta ntp         o16 o32 q16 q32 w16 w32 osi l32         zda zdd
tcsncc          _mbsncat        _tcsnccat       d16 d32 nt  nta ntp         o16 o32 q16 q32 w16 w32 osi l32         zda zdd
tcnccm          _mbsncmp        _tcsnccmp       d16 d32 nt  nta ntp         o16 o32 q16 q32 w16 w32 osi l32         zda zdd
tcnccn          _mbsnccnt       _tcsnccnt       d16 d32 nt  nta ntp         o16 o32 q16 q32 w16 w32 osi l32         zda zdd
mbsnco          _mbsncmp        _mbsncoll       d16 d32 nt  nta ntp         o16 o32         w16 w32 osi             zda zdd
tcncco          _mbsncmp        _tcsnccoll      d16 d32 nt  nta ntp         o16 o32 q16 q32 w16 w32 osi l32         zda zdd
tcnccp          _mbsncpy        _tcsnccpy       d16 d32 nt  nta ntp         o16 o32 q16 q32 w16 w32 osi l32         zda zdd
mbsnic          _mbsnicmp       _mbsnicoll      d16 d32 nt  nta ntp         o16 o32         w16 w32 osi             zda zdd
tcsnci          _mbsnicmp       _tcsncicmp      d16 d32 nt  nta ntp         o16 o32 q16 q32 w16 w32 osi l32         zda zdd
tcncic          _mbsnicmp       _tcsncicoll     d16 d32 nt  nta ntp         o16 o32 q16 q32 w16 w32 osi l32         zda zdd
tcsncs          _mbsnset        _tcsncset       d16 d32 nt  nta ntp         o16 o32 q16 q32 w16 w32 osi l32         zda zdd
tcsnex          _mbsnextc       _tcsnextc       d16 d32 nt  nta ntp         o16 o32 q16 q32 w16 w32 osi l32         zda zdd
mbsnbi          _mbsnbicmp      _mbsnbicoll     d16 d32 nt  nta ntp         o16 o32         w16 w32 osi             zda zdd
tcsnic          _mbsnbicmp      _tcsnicmp       d16 d32 nt  nta ntp         o16 o32 q16 q32 w16 w32 osi l32         zda zdd
tcnico          _mbsnbicmp      _tcsnicoll      d16 d32 nt  nta ntp         o16 o32 q16 q32 w16 w32 osi l32         zda zdd
tcsnin          _mbsninc        _tcsninc        d16 d32 nt  nta ntp         o16 o32 q16 q32 w16 w32 osi l32         zda zdd
tcsnse          _mbsnbset       _tcsnset        d16 d32 nt  nta ntp         o16 o32 q16 q32 w16 w32 osi l32         zda zdd
tcspbr          _mbspbrk        _tcspbrk        d16 d32 nt  nta ntp         o16 o32 q16 q32 w16 w32 osi l32         zda zdd
tcsrch          _mbsrchr        _tcsrchr        d16 d32 nt  nta ntp         o16 o32 q16 q32 w16 w32 osi l32         zda zdd
tcsrev          _mbsrev         _tcsrev         d16 d32 nt  nta ntp         o16 o32 q16 q32 w16 w32 osi l32         zda zdd
tcsset          _mbsset         _tcsset         d16 d32 nt  nta ntp         o16 o32 q16 q32 w16 w32 osi l32         zda zdd
tcsspn          _mbsspn         _tcsspn         d16 d32 nt  nta ntp         o16 o32 q16 q32 w16 w32 osi l32         zda zdd
tcspnp          _mbsspnp        _tcsspnp        d16 d32 nt  nta ntp         o16 o32 q16 q32 w16 w32 osi l32         zda zdd
tcsstr          _mbsstr         _tcsstr         d16 d32 nt  nta ntp         o16 o32 q16 q32 w16 w32 osi l32         zda zdd
tcstok          _mbstok         _tcstok         d16 d32 nt  nta ntp         o16 o32 q16 q32 w16 w32 osi l32         zda zdd
tcsupr          _mbsupr         _tcsupr         d16 d32 nt  nta ntp         o16 o32 q16 q32 w16 w32 osi l32         zda zdd
memicm          memicmp         _memicmp        d16 d32 nt  nta ntp         o16 o32         w16 w32     l32         zda zdd
mkdir_          mkdir           _mkdir          d16 d32 nt  nta ntp         o16 o32         w16 w32                 zda zdd
open__          open            _open           d16 d32 nt  nta ntp         o16 o32         w16 w32                 zda zdd
putenv          putenv          _putenv         d16 d32 nt  nta ntp         o16 o32 q16 q32 w16 w32     l32         zda zdd
putws_          putws           _putws          d16 d32 nt  nta ntp         o16 o32 q16 q32 w16 w32     l32         zda zdd
read__          read            _read           d16 d32 nt  nta ntp         o16 o32         w16 w32 osi             zda zdd
rmdir_          rmdir           _rmdir          d16 d32 nt  nta ntp         o16 o32         w16 w32                 zda zdd
setmod          setmode         _setmode        d16 d32 nt  nta ntp nvc nvl o16 o32         w16 w32                 zda zdd
sopen_          sopen           _sopen          d16 d32 nt  nta ntp         o16 o32         w16 w32 osi             zda zdd
stkavl          stackavail      _stackavail     d16 d32 nt  nta ntp         o16 o32 q16 q32 w16 w32 osi l32         zda zdd
stat__          stat            _stat           d16 d32 nt  nta ntp         o16 o32         w16 w32 osi             zda zdd
lstat_          stat            lstat           d16 d32 nt  nta ntp         o16 o32         w16 w32 osi             zda zdd
strdup          __clib_strdup   _strdup         d16 d32 nt  nta ntp nvc nvl o16 o32 q16 q32 w16 w32 osi l32         zda zdd
cstrdu          __clib_strdup   strdup          d16 d32 nt  nta ntp nvc nvl o16 o32 q16 q32 w16 w32 osi l32 lpc lmp zda zdd
cwcsdu          __clib_wcsdup   _wcsdup         d16 d32 nt  nta ntp nvc nvl o16 o32 q16 q32 w16 w32 osi l32         zda zdd
strcmp          stricmp         strcmpi         d16 d32 nt  nta ntp nvc nvl o16 o32 q16 q32 w16 w32 osi l32 lpc lmp zda zdd
stricm          stricmp         _stricmp        d16 d32 nt  nta ntp nvc nvl o16 o32 q16 q32 w16 w32 osi l32         zda zdd
strico          stricmp         _stricoll       d16 d32 nt  nta ntp nvc nvl o16 o32 q16 q32 w16 w32 osi l32         zda zdd
strlwr          strlwr          _strlwr         d16 d32 nt  nta ntp nvc nvl o16 o32 q16 q32 w16 w32 osi l32         zda zdd
strnco          strncmp         _strncoll       d16 d32 nt  nta ntp nvc nvl o16 o32 q16 q32 w16 w32 osi l32         zda zdd
strnic          strnicmp        _strnicmp       d16 d32 nt  nta ntp nvc nvl o16 o32 q16 q32 w16 w32 osi l32         zda zdd
stnico          strnicmp        _strnicoll      d16 d32 nt  nta ntp nvc nvl o16 o32 q16 q32 w16 w32 osi l32         zda zdd
strnse          strnset         _strnset        d16 d32 nt  nta ntp nvc nvl o16 o32 q16 q32 w16 w32 osi l32         zda zdd
strrev          strrev          _strrev         d16 d32 nt  nta ntp nvc nvl o16 o32 q16 q32 w16 w32 osi l32         zda zdd
strset          strset          _strset         d16 d32 nt  nta ntp nvc nvl o16 o32 q16 q32 w16 w32 osi l32         zda zdd
strspn          strspnp         _strspnp        d16 d32 nt  nta ntp nvc nvl o16 o32 q16 q32 w16 w32 osi l32         zda zdd
strupr          strupr          _strupr         d16 d32 nt  nta ntp nvc nvl o16 o32 q16 q32 w16 w32 osi l32         zda zdd
strcc_          stricmp         strcasecmp      d16 d32 nt  nta ntp nvc nvl o16 o32 q16 q32 w16 w32 osi l32 lpc lmp zda zdd
strncc          strnicmp        strncasecmp     d16 d32 nt  nta ntp nvc nvl o16 o32 q16 q32 w16 w32 osi l32 lpc lmp zda zdd
tell__          tell            _tell           d16 d32 nt  nta ntp         o16 o32         w16 w32 osi             zda zdd
tolowe          tolower         _tolower        d16 d32 nt  nta ntp nvc nvl o16 o32 q16 q32 w16 w32 osi l32         zda zdd
touppe          toupper         _toupper        d16 d32 nt  nta ntp nvc nvl o16 o32 q16 q32 w16 w32 osi l32         zda zdd
tzset_          tzset           _tzset          d16 d32 nt  nta ntp         o16 o32 q16 q32 w16 w32 osi l32         zda zdd
umask_          umask           _umask          d16 d32 nt  nta ntp         o16 o32         w16 w32 osi             zda zdd
unlink          unlink          _unlink         d16 d32 nt  nta ntp         o16 o32         w16 w32 osi             zda zdd
utime_          utime           _utime          d16 d32 nt  nta ntp         o16 o32         w16 w32 osi             zda zdd
write_          write           _write          d16 d32 nt  nta ntp         o16 o32         w16 w32 osi             zda zdd
w_acce          _waccess        _w_access       d16 d32 nt  nta ntp         o16 o32         w16 w32                 zda zdd
wcscmp          _wcsicmp        wcscmpi         d16 d32 nt  nta ntp         o16 o32 q16 q32 w16 w32     l32         zda zdd
wcsico          _wcsicmp        _wcsicoll       d16 d32 nt  nta ntp         o16 o32 q16 q32 w16 w32     l32         zda zdd
wcsnco          wcsncmp         _wcsncoll       d16 d32 nt  nta ntp         o16 o32 q16 q32 w16 w32     l32         zda zdd
wcnico          _wcsnicmp       _wcsnicoll      d16 d32 nt  nta ntp         o16 o32 q16 q32 w16 w32     l32         zda zdd
w_fsop          _wfsopen        _w_fsopen       d16 d32 nt  nta ntp nvc nvl o16 o32 q16 q32 w16 w32 osi l32         zda zdd
w_full          _wfullpath      _w_fullpath     d16 d32 nt  nta ntp         o16 o32         w16 w32                 zda zdd
itow__          _itow           _witoa          d16 d32 nt  nta ntp         o16 o32 q16 q32 w16 w32     l32         zda zdd
ltow__          _ltow           _wltoa          d16 d32 nt  nta ntp         o16 o32 q16 q32 w16 w32     l32         zda zdd
w_make          _wmakepath      _w_makepath     d16 d32 nt  nta ntp         o16 o32 q16 q32 w16 w32     l32         zda zdd
w_spli          _wsplitpath     _w_splitpath    d16 d32 nt  nta ntp         o16 o32 q16 q32 w16 w32     l32         zda zdd
w_spl2          _wsplitpath2    _w_splitpath2   d16 d32 nt  nta ntp         o16 o32 q16 q32 w16 w32     l32         zda zdd
wtoi__          _wtoi           _watoi          d16 d32 nt  nta ntp         o16 o32 q16 q32 w16 w32     l32         zda zdd
wtol__          _wtol           _watol          d16 d32 nt  nta ntp         o16 o32 q16 q32 w16 w32     l32         zda zdd
ultow_          _ultow          _wultoa         d16 d32 nt  nta ntp         o16 o32 q16 q32 w16 w32     l32         zda zdd
utow__          _utow           _wutoa          d16 d32 nt  nta ntp         o16 o32 q16 q32 w16 w32     l32         zda zdd
