s/r conflict in state 14 on Y_LEFT_BRACE:
	shift to 226
388 (184): enum-specifier <- enum-key

Sample sentence(s) for reduce of rule 388:
  Y_ID Y_LEFT_PAREN Y_RIGHT_PAREN Y_THROW Y_LEFT_PAREN Y_INT Y_COMMA 
Y_ENUM .Y_LEFT_BRACE
  Will never shift token 'Y_LEFT_BRACE' in this context
Sample sentence(s) for shift to state 226:
  Y_ID Y_LEFT_PAREN Y_RIGHT_PAREN Y_THROW Y_LEFT_PAREN Y_INT Y_COMMA 
Y_ENUM .
Y_LEFT_BRACE Y_RIGHT_BRACE Y_COMMA Y_CLASS 
---

s/r conflict in state 38 on Y_TEMPLATE_SCOPED_TIMES:
	shift to 237
378 (17a): qualified-type-specifier <- template-class-id (unit production)

Sample sentence(s) for reduce of rule 378:
  Y_UNION Y_LEFT_BRACE Y_ID Y_COMMA Y_TEMPLATE_NAME Y_LT Y_GT .Y_TEMPLATE_SCOPED_TIMES
  Will never shift token 'Y_TEMPLATE_SCOPED_TIMES' in this context
Sample sentence(s) for shift to state 237:
  Y_UNION Y_LEFT_BRACE Y_ID Y_COMMA Y_TEMPLATE_NAME Y_LT Y_GT .
Y_TEMPLATE_SCOPED_TIMES Y_SCOPED_ID Y_SEMI_COLON Y_CLASS Y_LEFT_BRACE 
Y_STRUCT 
---

s/r conflict in state 38 on Y_TEMPLATE_SCOPED_TILDE:
	shift to 238
378 (17a): qualified-type-specifier <- template-class-id (unit production)

Sample sentence(s) for reduce of rule 378:
  Y_UNION Y_LEFT_BRACE Y_ID Y_COMMA Y_TEMPLATE_NAME Y_LT Y_GT .Y_TEMPLATE_SCOPED_TILDE
  Will never shift token 'Y_TEMPLATE_SCOPED_TILDE' in this context
Sample sentence(s) for shift to state 238:
  Y_UNION Y_LEFT_BRACE Y_ID Y_COMMA Y_TEMPLATE_NAME Y_LT Y_GT .
Y_TEMPLATE_SCOPED_TILDE Y_ID Y_SEMI_COLON Y_CLASS Y_LEFT_BRACE 
Y_STRUCT 
---

s/r conflict in state 38 on Y_TEMPLATE_SCOPED_OPERATOR:
	shift to 239
378 (17a): qualified-type-specifier <- template-class-id (unit production)

Sample sentence(s) for reduce of rule 378:
  Y_UNION Y_LEFT_BRACE Y_ID Y_COMMA Y_TEMPLATE_NAME Y_LT Y_GT .Y_TEMPLATE_SCOPED_OPERATOR
  Will never shift token 'Y_TEMPLATE_SCOPED_OPERATOR' in this context
Sample sentence(s) for shift to state 239:
  Y_UNION Y_LEFT_BRACE Y_ID Y_COMMA Y_TEMPLATE_NAME Y_LT Y_GT .
Y_TEMPLATE_SCOPED_OPERATOR Y_CLASS Y_LEFT_BRACE Y_STRUCT 
---

s/r conflict in state 38 on Y_TEMPLATE_SCOPED_ID:
	shift to 241
378 (17a): qualified-type-specifier <- template-class-id (unit production)

Sample sentence(s) for reduce of rule 378:
  Y_UNION Y_LEFT_BRACE Y_ID Y_COMMA Y_TEMPLATE_NAME Y_LT Y_GT .Y_TEMPLATE_SCOPED_ID
  Will never shift token 'Y_TEMPLATE_SCOPED_ID' in this context
Sample sentence(s) for shift to state 241:
  Y_UNION Y_LEFT_BRACE Y_ID Y_COMMA Y_TEMPLATE_NAME Y_LT Y_GT .
Y_TEMPLATE_SCOPED_ID Y_SEMI_COLON Y_CLASS Y_LEFT_BRACE Y_STRUCT 
---

r/r conflict in state 39 on Y_LEFT_PAREN:
481 (1e1): declarator-id <- qualified-type-specifier
360 (168): simple-type-specifier <- qualified-type-specifier (unit production)

Sample sentence(s) for reduce of rule 481:
  Y_TEMPLATE Y_LT Y_GT Y_TYPE_NAME .
Y_LEFT_PAREN Y_CLASS Y_LEFT_BRACE Y_STRUCT 
Sample sentence(s) for reduce of rule 360:
  Y_TEMPLATE Y_LT Y_GT Y_TYPE_NAME .
Y_LEFT_PAREN Y_CLASS Y_LEFT_BRACE Y_STRUCT 
---

r/r conflict in state 39 on Y_RIGHT_PAREN:
481 (1e1): declarator-id <- qualified-type-specifier
360 (168): simple-type-specifier <- qualified-type-specifier (unit production)

Sample sentence(s) for reduce of rule 481:
  Y_TEMPLATE Y_LT Y_GT Y_TYPE_NAME .Y_RIGHT_PAREN
  Will never shift token 'Y_RIGHT_PAREN' in this context
Sample sentence(s) for reduce of rule 360:
  Y_TEMPLATE Y_LT Y_GT Y_TYPE_NAME .Y_RIGHT_PAREN
  Will never shift token 'Y_RIGHT_PAREN' in this context
---

r/r conflict in state 39 on Y_LEFT_BRACKET:
481 (1e1): declarator-id <- qualified-type-specifier
360 (168): simple-type-specifier <- qualified-type-specifier (unit production)

Sample sentence(s) for reduce of rule 481:
  Y_TEMPLATE Y_LT Y_GT Y_TYPE_NAME .
Y_LEFT_BRACKET Y_RIGHT_BRACKET Y_LEFT_BRACE Y_RIGHT_BRACE Y_CLASS 
Sample sentence(s) for reduce of rule 360:
  Y_TEMPLATE Y_LT Y_GT Y_TYPE_NAME .Y_LEFT_BRACKET
  Will never shift token 'Y_LEFT_BRACKET' in this context
---

s/r conflict in state 50 on Y_SCOPED_TYPE_NAME:
	shift to 89
322 (142): decl-specifiers <- non-type-decl-specifiers

Sample sentence(s) for reduce of rule 322:
  Y_ID Y_LEFT_PAREN Y_RIGHT_PAREN Y_THROW Y_LEFT_PAREN Y_INT Y_COMMA 
Y_AUTO .Y_SCOPED_TYPE_NAME
  Will never shift token 'Y_SCOPED_TYPE_NAME' in this context
Sample sentence(s) for shift to state 89:
  Y_ID Y_LEFT_PAREN Y_RIGHT_PAREN Y_THROW Y_LEFT_PAREN Y_INT Y_COMMA 
Y_AUTO .
Y_SCOPED_TYPE_NAME Y_COMMA Y_CLASS Y_LEFT_BRACE Y_STRUCT 
---

s/r conflict in state 50 on Y_GLOBAL_TEMPLATE_NAME:
	shift to 91
322 (142): decl-specifiers <- non-type-decl-specifiers

Sample sentence(s) for reduce of rule 322:
  Y_ID Y_LEFT_PAREN Y_RIGHT_PAREN Y_THROW Y_LEFT_PAREN Y_INT Y_COMMA 
Y_AUTO .
Y_GLOBAL_TEMPLATE_NAME Y_LT Y_GT Y_TEMPLATE_SCOPED_TIMES Y_COMMA 
Y_CLASS Y_LEFT_BRACE Y_STRUCT 
Sample sentence(s) for shift to state 91:
  Y_ID Y_LEFT_PAREN Y_RIGHT_PAREN Y_THROW Y_LEFT_PAREN Y_INT Y_COMMA 
Y_AUTO .
Y_GLOBAL_TEMPLATE_NAME Y_LT Y_GT Y_COMMA Y_CLASS Y_LEFT_BRACE 
Y_STRUCT 
---

s/r conflict in state 50 on Y_GLOBAL_TYPE_NAME:
	shift to 92
322 (142): decl-specifiers <- non-type-decl-specifiers

Sample sentence(s) for reduce of rule 322:
  Y_ID Y_LEFT_PAREN Y_RIGHT_PAREN Y_THROW Y_LEFT_PAREN Y_INT Y_COMMA 
Y_AUTO .Y_GLOBAL_TYPE_NAME
  Will never shift token 'Y_GLOBAL_TYPE_NAME' in this context
Sample sentence(s) for shift to state 92:
  Y_ID Y_LEFT_PAREN Y_RIGHT_PAREN Y_THROW Y_LEFT_PAREN Y_INT Y_COMMA 
Y_AUTO .
Y_GLOBAL_TYPE_NAME Y_COMMA Y_CLASS Y_LEFT_BRACE Y_STRUCT 
---

s/r conflict in state 50 on Y_TEMPLATE_NAME:
	shift to 138
322 (142): decl-specifiers <- non-type-decl-specifiers

Sample sentence(s) for reduce of rule 322:
  Y_ID Y_LEFT_PAREN Y_RIGHT_PAREN Y_THROW Y_LEFT_PAREN Y_INT Y_COMMA 
Y_AUTO .
Y_TEMPLATE_NAME Y_LT Y_GT Y_TEMPLATE_SCOPED_TIMES Y_COMMA Y_CLASS 
Y_LEFT_BRACE Y_STRUCT 
Sample sentence(s) for shift to state 138:
  Y_ID Y_LEFT_PAREN Y_RIGHT_PAREN Y_THROW Y_LEFT_PAREN Y_INT Y_COMMA 
Y_AUTO .
Y_TEMPLATE_NAME Y_LT Y_GT Y_COMMA Y_CLASS Y_LEFT_BRACE Y_STRUCT 
---

s/r conflict in state 50 on Y_TYPE_NAME:
	shift to 96
322 (142): decl-specifiers <- non-type-decl-specifiers

Sample sentence(s) for reduce of rule 322:
  Y_ID Y_LEFT_PAREN Y_RIGHT_PAREN Y_THROW Y_LEFT_PAREN Y_INT Y_COMMA 
Y_AUTO .Y_TYPE_NAME
  Will never shift token 'Y_TYPE_NAME' in this context
Sample sentence(s) for shift to state 96:
  Y_ID Y_LEFT_PAREN Y_RIGHT_PAREN Y_THROW Y_LEFT_PAREN Y_INT Y_COMMA 
Y_AUTO .
Y_TYPE_NAME Y_COMMA Y_CLASS Y_LEFT_BRACE Y_STRUCT 
---

s/r conflict in state 124 on Y_NAMESPACE_NAME:
	shift to 292
391 (187): enum-key <- Y_ENUM

Sample sentence(s) for reduce of rule 391:
  Y_ID Y_LEFT_PAREN Y_RIGHT_PAREN Y_THROW Y_LEFT_PAREN Y_INT Y_COMMA 
Y_ENUM .Y_NAMESPACE_NAME
  Will never shift token 'Y_NAMESPACE_NAME' in this context
Sample sentence(s) for shift to state 292:
  Y_ID Y_LEFT_PAREN Y_RIGHT_PAREN Y_THROW Y_LEFT_PAREN Y_INT Y_COMMA 
Y_ENUM .
Y_NAMESPACE_NAME Y_COMMA Y_CLASS Y_LEFT_BRACE Y_STRUCT 
---

s/r conflict in state 124 on Y_TEMPLATE_NAME:
	shift to 293
391 (187): enum-key <- Y_ENUM

Sample sentence(s) for reduce of rule 391:
  Y_ID Y_LEFT_PAREN Y_RIGHT_PAREN Y_THROW Y_LEFT_PAREN Y_INT Y_COMMA 
Y_ENUM .
Y_TEMPLATE_NAME Y_LT Y_GT Y_TEMPLATE_SCOPED_TIMES Y_COMMA Y_CLASS 
Y_LEFT_BRACE Y_STRUCT 
Sample sentence(s) for shift to state 293:
  Y_ID Y_LEFT_PAREN Y_RIGHT_PAREN Y_THROW Y_LEFT_PAREN Y_INT Y_COMMA 
Y_ENUM .
Y_TEMPLATE_NAME Y_COMMA Y_CLASS Y_LEFT_BRACE Y_STRUCT 
---

s/r conflict in state 124 on Y_TYPE_NAME:
	shift to 294
391 (187): enum-key <- Y_ENUM

Sample sentence(s) for reduce of rule 391:
  Y_ID Y_LEFT_PAREN Y_RIGHT_PAREN Y_THROW Y_LEFT_PAREN Y_INT Y_COMMA 
Y_ENUM .Y_TYPE_NAME
  Will never shift token 'Y_TYPE_NAME' in this context
Sample sentence(s) for shift to state 294:
  Y_ID Y_LEFT_PAREN Y_RIGHT_PAREN Y_THROW Y_LEFT_PAREN Y_INT Y_COMMA 
Y_ENUM .
Y_TYPE_NAME Y_COMMA Y_CLASS Y_LEFT_BRACE Y_STRUCT 
---

s/r conflict in state 124 on Y_ID:
	shift to 295
391 (187): enum-key <- Y_ENUM

Sample sentence(s) for reduce of rule 391:
  Y_ID Y_LEFT_PAREN Y_RIGHT_PAREN Y_THROW Y_LEFT_PAREN Y_INT Y_COMMA 
Y_ENUM .Y_ID
  Will never shift token 'Y_ID' in this context
Sample sentence(s) for shift to state 295:
  Y_ID Y_LEFT_PAREN Y_RIGHT_PAREN Y_THROW Y_LEFT_PAREN Y_INT Y_COMMA 
Y_ENUM .
Y_ID Y_COMMA Y_CLASS Y_LEFT_BRACE Y_STRUCT 
---

s/r conflict in state 166 on Y_TEMPLATE_SCOPED_TILDE:
	shift to 238
378 (17a): qualified-type-specifier <- template-class-id (unit production)

Sample sentence(s) for reduce of rule 378:
  Y_TEMPLATE_INT_DEFARG_SPECIAL Y___OFFSETOF Y_LEFT_PAREN Y_INT Y_COMMA 
Y_ID Y_LEFT_BRACKET Y_SIZEOF Y_TYPE_NAME Y_RIGHT_BRACKET 
Y_LEFT_BRACKET Y_TEMPLATE_NAME Y_LT Y_GT .Y_TEMPLATE_SCOPED_TILDE
  Will never shift token 'Y_TEMPLATE_SCOPED_TILDE' in this context
Sample sentence(s) for shift to state 238:
  Y_TEMPLATE_INT_DEFARG_SPECIAL Y___OFFSETOF Y_LEFT_PAREN Y_INT Y_COMMA 
Y_ID Y_LEFT_BRACKET Y_SIZEOF Y_TYPE_NAME Y_RIGHT_BRACKET 
Y_LEFT_BRACKET Y_TEMPLATE_NAME Y_LT Y_GT .
Y_TEMPLATE_SCOPED_TILDE Y_ID Y_RIGHT_BRACKET Y_DOT Y_NAMESPACE_NAME 
Y_RIGHT_PAREN Y_DEFARG_END $eof 
---

s/r conflict in state 166 on Y_TEMPLATE_SCOPED_OPERATOR:
	shift to 239
378 (17a): qualified-type-specifier <- template-class-id (unit production)

Sample sentence(s) for reduce of rule 378:
  Y_TEMPLATE_INT_DEFARG_SPECIAL Y___OFFSETOF Y_LEFT_PAREN Y_INT Y_COMMA 
Y_ID Y_LEFT_BRACKET Y_SIZEOF Y_TYPE_NAME Y_RIGHT_BRACKET 
Y_LEFT_BRACKET Y_TEMPLATE_NAME Y_LT Y_GT .Y_TEMPLATE_SCOPED_OPERATOR
  Will never shift token 'Y_TEMPLATE_SCOPED_OPERATOR' in this context
Sample sentence(s) for shift to state 239:
  Y_TEMPLATE_INT_DEFARG_SPECIAL Y___OFFSETOF Y_LEFT_PAREN Y_INT Y_COMMA 
Y_ID Y_LEFT_BRACKET Y_SIZEOF Y_TYPE_NAME Y_RIGHT_BRACKET 
Y_LEFT_BRACKET Y_TEMPLATE_NAME Y_LT Y_GT .
Y_TEMPLATE_SCOPED_OPERATOR Y_CLASS Y_LEFT_BRACE Y_STRUCT 
---

s/r conflict in state 166 on Y_TEMPLATE_SCOPED_ID:
	shift to 241
378 (17a): qualified-type-specifier <- template-class-id (unit production)

Sample sentence(s) for reduce of rule 378:
  Y_TEMPLATE_INT_DEFARG_SPECIAL Y___OFFSETOF Y_LEFT_PAREN Y_INT Y_COMMA 
Y_ID Y_LEFT_BRACKET Y_SIZEOF Y_TYPE_NAME Y_RIGHT_BRACKET 
Y_LEFT_BRACKET Y_TEMPLATE_NAME Y_LT Y_GT .Y_TEMPLATE_SCOPED_ID
  Will never shift token 'Y_TEMPLATE_SCOPED_ID' in this context
Sample sentence(s) for shift to state 241:
  Y_TEMPLATE_INT_DEFARG_SPECIAL Y___OFFSETOF Y_LEFT_PAREN Y_INT Y_COMMA 
Y_ID Y_LEFT_BRACKET Y_SIZEOF Y_TYPE_NAME Y_RIGHT_BRACKET 
Y_LEFT_BRACKET Y_TEMPLATE_NAME Y_LT Y_GT .
Y_TEMPLATE_SCOPED_ID Y_RIGHT_BRACKET Y_DOT Y_ID Y_RIGHT_PAREN 
Y_DEFARG_END $eof 
---

r/r conflict in state 227 on Y_RIGHT_BRACE:
305 (131): namespace-body <-
273 (111): start-restart-declarations <-

Sample sentence(s) for reduce of rule 305:
  Y_NAMESPACE Y_LEFT_BRACE .
Y_RIGHT_BRACE Y_CLASS Y_LEFT_BRACE Y_STRUCT 
Sample sentence(s) for reduce of rule 273:
  Y_NAMESPACE Y_LEFT_BRACE .
Y_RIGHT_BRACE Y_CLASS Y_LEFT_BRACE Y_STRUCT 
---

r/r conflict in state 260 on Y_LEFT_BRACE:
572 (23c): class-specifier <- class-key class-name
571 (23b): start-class <-

Sample sentence(s) for reduce of rule 572:
  Y_UNION Y_ID .Y_LEFT_BRACE
  Will never shift token 'Y_LEFT_BRACE' in this context
Sample sentence(s) for reduce of rule 571:
  Y_UNION Y_ID .
Y_LEFT_BRACE Y_CLASS 
---

s/r conflict in state 260 on Y_COLON:
	shift to 518
572 (23c): class-specifier <- class-key class-name

Sample sentence(s) for reduce of rule 572:
  Y_UNION Y_ID .Y_COLON
  Will never shift token 'Y_COLON' in this context
Sample sentence(s) for shift to state 518:
  Y_UNION Y_ID .
Y_COLON Y_PROTECTED Y_PUBLIC Y_VIRTUAL Y_PRIVATE Y_TEMPLATE_NAME Y_LT 
Y_GT Y_LEFT_BRACE Y_CLASS 
---

s/r conflict in state 273 on Y_LT:
	shift to 522
186 (0ba): class-name-id <- Y_GLOBAL_TEMPLATE_NAME (unit production)

Sample sentence(s) for reduce of rule 186:
  Y_UNION Y_GLOBAL_TEMPLATE_NAME .Y_LT
  Will never shift token 'Y_LT' in this context
Sample sentence(s) for shift to state 522:
  Y_UNION Y_GLOBAL_TEMPLATE_NAME .
Y_LT Y_CLASS Y_LEFT_BRACE Y_STRUCT 
---

s/r conflict in state 277 on Y_LT:
	shift to 523
182 (0b6): class-name-id <- Y_TEMPLATE_NAME (unit production)

Sample sentence(s) for reduce of rule 182:
  Y_UNION Y_TEMPLATE_NAME .Y_LT
  Will never shift token 'Y_LT' in this context
Sample sentence(s) for shift to state 523:
  Y_UNION Y_TEMPLATE_NAME .
Y_LT Y_CLASS Y_LEFT_BRACE Y_STRUCT 
---

s/r conflict in state 297 on Y_TIMES:
	shift to 98
218 (0da): conversion-function-type <- type-specifiers

Sample sentence(s) for reduce of rule 218:
  Y_TEMPLATE_NAME Y_LT Y_GT Y_TEMPLATE_SCOPED_OPERATOR Y_INT .Y_TIMES
  Will never shift token 'Y_TIMES' in this context
Sample sentence(s) for shift to state 98:
  Y_TEMPLATE_NAME Y_LT Y_GT Y_TEMPLATE_SCOPED_OPERATOR Y_INT .
Y_TIMES Y_LEFT_BRACE Y_RIGHT_BRACE Y_CLASS 
---

s/r conflict in state 297 on Y_AND:
	shift to 99
218 (0da): conversion-function-type <- type-specifiers

Sample sentence(s) for reduce of rule 218:
  Y_TEMPLATE_NAME Y_LT Y_GT Y_TEMPLATE_SCOPED_OPERATOR Y_INT .Y_AND
  Will never shift token 'Y_AND' in this context
Sample sentence(s) for shift to state 99:
  Y_TEMPLATE_NAME Y_LT Y_GT Y_TEMPLATE_SCOPED_OPERATOR Y_INT .
Y_AND Y_LEFT_BRACE Y_RIGHT_BRACE Y_CLASS 
---

s/r conflict in state 338 on Y_LEFT_BRACKET:
	shift to 553
222 (0de): operator-function-type <- Y_NEW

Sample sentence(s) for reduce of rule 222:
  Y_USING Y_GLOBAL_OPERATOR Y_NEW .Y_LEFT_BRACKET
  Will never shift token 'Y_LEFT_BRACKET' in this context
Sample sentence(s) for shift to state 553:
  Y_USING Y_GLOBAL_OPERATOR Y_NEW .
Y_LEFT_BRACKET Y_RIGHT_BRACKET Y_SEMI_COLON Y_CLASS Y_LEFT_BRACE 
Y_STRUCT 
---

s/r conflict in state 339 on Y_LEFT_BRACKET:
	shift to 554
223 (0df): operator-function-type <- Y_DELETE

Sample sentence(s) for reduce of rule 223:
  Y_USING Y_GLOBAL_OPERATOR Y_DELETE .Y_LEFT_BRACKET
  Will never shift token 'Y_LEFT_BRACKET' in this context
Sample sentence(s) for shift to state 554:
  Y_USING Y_GLOBAL_OPERATOR Y_DELETE .
Y_LEFT_BRACKET Y_RIGHT_BRACKET Y_SEMI_COLON Y_CLASS Y_LEFT_BRACE 
Y_STRUCT 
---

s/r conflict in state 351 on Y_LT:
	shift to 345
178 (0b2): make-id <- Y_TEMPLATE_NAME (unit production)

Sample sentence(s) for reduce of rule 178:
  Y_TEMPLATE_INT_DEFARG_SPECIAL Y_THIS Y_DOT Y_TEMPLATE_NAME .
Y_LT Y_STRING Y_DEFARG_END $eof 
Sample sentence(s) for shift to state 345:
  Y_TEMPLATE_INT_DEFARG_SPECIAL Y_THIS Y_DOT Y_TEMPLATE_NAME .
Y_LT Y_GT Y_TEMPLATE_SCOPED_OPERATOR Y_CLASS Y_LEFT_BRACE Y_STRUCT 
---

s/r conflict in state 550 on Y_TIMES:
	shift to 98
220 (0dc): conversion-function-ptr-declarator <- ptr-operator

Sample sentence(s) for reduce of rule 220:
  Y_TEMPLATE_SCOPED_OPERATOR Y_INT Y_AND Y_AND .Y_TIMES
  Will never shift token 'Y_TIMES' in this context
Sample sentence(s) for shift to state 98:
  Y_TEMPLATE_SCOPED_OPERATOR Y_INT Y_AND Y_AND .
Y_TIMES Y_LEFT_BRACE Y_RIGHT_BRACE Y_CLASS 
---

s/r conflict in state 550 on Y_AND:
	shift to 99
220 (0dc): conversion-function-ptr-declarator <- ptr-operator

Sample sentence(s) for reduce of rule 220:
  Y_TEMPLATE_SCOPED_OPERATOR Y_INT Y_AND Y_AND .Y_AND
  Will never shift token 'Y_AND' in this context
Sample sentence(s) for shift to state 99:
  Y_TEMPLATE_SCOPED_OPERATOR Y_INT Y_AND Y_AND .
Y_AND Y_LEFT_BRACE Y_RIGHT_BRACE Y_CLASS 
---

r/r conflict in state 591 on Y_RIGHT_BRACE:
399 (18f): linkage-body <-
273 (111): start-restart-declarations <-

Sample sentence(s) for reduce of rule 399:
  Y_EXTERN Y_STRING Y_LEFT_BRACE .
Y_RIGHT_BRACE Y_CLASS Y_LEFT_BRACE Y_STRUCT 
Sample sentence(s) for reduce of rule 273:
  Y_EXTERN Y_STRING Y_LEFT_BRACE .
Y_RIGHT_BRACE Y_CLASS Y_LEFT_BRACE Y_STRUCT 
---

s/r conflict in state 606 on Y_TEMPLATE_SCOPED_TIMES:
	shift to 237
378 (17a): qualified-type-specifier <- template-class-id (unit production)

Sample sentence(s) for reduce of rule 378:
  Y_TEMPLATE_INT_DEFARG_SPECIAL Y_GLOBAL_NEW Y_LEFT_PAREN Y_INT 
Y_LEFT_PAREN Y_TEMPLATE_NAME Y_LT Y_GT .
Y_TEMPLATE_SCOPED_TIMES Y_EQUAL Y_STRING Y_RIGHT_PAREN 
Sample sentence(s) for shift to state 237:
  Y_TEMPLATE_INT_DEFARG_SPECIAL Y_GLOBAL_NEW Y_LEFT_PAREN Y_INT 
Y_LEFT_PAREN Y_TEMPLATE_NAME Y_LT Y_GT .
Y_TEMPLATE_SCOPED_TIMES Y_RIGHT_PAREN 
---

s/r conflict in state 642 on Y_TIMES:
	shift to 767
129 (081): dynamic-type-id <- type-specifiers

Sample sentence(s) for reduce of rule 129:
  Y_TEMPLATE_INT_DEFARG_SPECIAL Y_NEW 
Y_LEFT_PAREN Y_THROW Y_RIGHT_PAREN Y_INT .
Y_TIMES Y_STRING Y_DEFARG_END $eof 
Sample sentence(s) for shift to state 767:
  Y_TEMPLATE_INT_DEFARG_SPECIAL Y_NEW 
Y_LEFT_PAREN Y_THROW Y_RIGHT_PAREN Y_INT .
Y_TIMES Y_DEFARG_END $eof 
---

r/r conflict in state 824 on Y_SEMI_COLON:
484 (1e4): declarator-id <- qualified-id-expression (unit production)
308 (134): access-declaration <- qualified-id-expression

Sample sentence(s) for reduce of rule 484:
  Y_UNION Y_LEFT_BRACE Y_PUBLIC Y_COLON Y_SCOPED_ID .
Y_SEMI_COLON Y_CLASS Y_LEFT_BRACE Y_STRUCT 
Sample sentence(s) for reduce of rule 308:
  Y_UNION Y_LEFT_BRACE Y_PUBLIC Y_COLON Y_SCOPED_ID .
Y_SEMI_COLON Y_CLASS Y_LEFT_BRACE Y_STRUCT 
---

s/r conflict in state 825 on Y_COLON:
	shift to 911
427 (1ab): actual-declarator <- declarator-id

Sample sentence(s) for reduce of rule 427:
  Y_UNION Y_LEFT_BRACE Y_ID Y_COMMA Y_ID .Y_COLON
  Will never shift token 'Y_COLON' in this context
Sample sentence(s) for shift to state 911:
  Y_UNION Y_LEFT_BRACE Y_ID Y_COMMA Y_ID .
Y_COLON Y_SIZEOF Y_TYPE_NAME Y_SEMI_COLON Y_CLASS Y_LEFT_BRACE 
Y_STRUCT 
---

r/r conflict in state 829 on Y_SEMI_COLON:
481 (1e1): declarator-id <- qualified-type-specifier
360 (168): simple-type-specifier <- qualified-type-specifier (unit production)
309 (135): access-declaration <- qualified-type-specifier

Sample sentence(s) for reduce of rule 481:
  Y_UNION Y_LEFT_BRACE Y_PUBLIC Y_COLON Y_TYPE_NAME .
Y_SEMI_COLON Y_CLASS Y_LEFT_BRACE Y_STRUCT 
Sample sentence(s) for reduce of rule 360:
  Y_UNION Y_LEFT_BRACE Y_PUBLIC Y_COLON Y_TYPE_NAME .
Y_SEMI_COLON Y_CLASS Y_LEFT_BRACE Y_STRUCT 
Sample sentence(s) for reduce of rule 309:
  Y_UNION Y_LEFT_BRACE Y_PUBLIC Y_COLON Y_TYPE_NAME .
Y_SEMI_COLON Y_CLASS Y_LEFT_BRACE Y_STRUCT 
---

r/r conflict in state 829 on Y_COLON:
481 (1e1): declarator-id <- qualified-type-specifier
360 (168): simple-type-specifier <- qualified-type-specifier (unit production)

Sample sentence(s) for reduce of rule 481:
  Y_UNION Y_LEFT_BRACE Y_PUBLIC Y_COLON Y_TYPE_NAME .
Y_COLON Y_SIZEOF Y_TYPE_NAME Y_SEMI_COLON Y_CLASS Y_LEFT_BRACE 
Y_STRUCT 
Sample sentence(s) for reduce of rule 360:
  Y_UNION Y_LEFT_BRACE Y_PUBLIC Y_COLON Y_TYPE_NAME .
Y_COLON Y_SIZEOF Y_TYPE_NAME Y_SEMI_COLON Y_CLASS Y_LEFT_BRACE 
Y_STRUCT 
---

r/r conflict in state 829 on Y_SEMI_COLON:
481 (1e1): declarator-id <- qualified-type-specifier
360 (168): simple-type-specifier <- qualified-type-specifier (unit production)
309 (135): access-declaration <- qualified-type-specifier

Sample sentence(s) for reduce of rule 481:
  Y_UNION Y_LEFT_BRACE Y_PUBLIC Y_COLON Y_TYPE_NAME .
Y_SEMI_COLON Y_CLASS Y_LEFT_BRACE Y_STRUCT 
Sample sentence(s) for reduce of rule 360:
  Y_UNION Y_LEFT_BRACE Y_PUBLIC Y_COLON Y_TYPE_NAME .
Y_SEMI_COLON Y_CLASS Y_LEFT_BRACE Y_STRUCT 
Sample sentence(s) for reduce of rule 309:
  Y_UNION Y_LEFT_BRACE Y_PUBLIC Y_COLON Y_TYPE_NAME .
Y_SEMI_COLON Y_CLASS Y_LEFT_BRACE Y_STRUCT 
---

r/r conflict in state 829 on Y_LEFT_PAREN:
481 (1e1): declarator-id <- qualified-type-specifier
360 (168): simple-type-specifier <- qualified-type-specifier (unit production)

Sample sentence(s) for reduce of rule 481:
  Y_UNION Y_LEFT_BRACE Y_PUBLIC Y_COLON Y_TYPE_NAME .
Y_LEFT_PAREN Y_CLASS Y_LEFT_BRACE Y_STRUCT 
Sample sentence(s) for reduce of rule 360:
  Y_UNION Y_LEFT_BRACE Y_PUBLIC Y_COLON Y_TYPE_NAME .
Y_LEFT_PAREN Y_CLASS Y_LEFT_BRACE Y_STRUCT 
---

s/r conflict in state 875 on Y_TIMES:
	shift to 767
141 (08d): partial-ptr-declarator <- Y_TEMPLATE_SCOPED_TIMES cv-qualifiers-opt

Sample sentence(s) for reduce of rule 141:
  Y_TEMPLATE_INT_DEFARG_SPECIAL Y_GLOBAL_NEW Y_INT 
Y_TEMPLATE_SCOPED_TIMES .
Y_TIMES Y_STRING Y_DEFARG_END $eof 
Sample sentence(s) for shift to state 767:
  Y_TEMPLATE_INT_DEFARG_SPECIAL Y_GLOBAL_NEW Y_INT 
Y_TEMPLATE_SCOPED_TIMES .
Y_TIMES Y_DEFARG_END $eof 
---

s/r conflict in state 876 on Y_TIMES:
	shift to 767
137 (089): partial-ptr-declarator <- Y_SCOPED_TIMES cv-qualifiers-opt

Sample sentence(s) for reduce of rule 137:
  Y_TEMPLATE_INT_DEFARG_SPECIAL Y_GLOBAL_NEW Y_INT Y_SCOPED_TIMES .
Y_TIMES Y_STRING Y_DEFARG_END $eof 
Sample sentence(s) for shift to state 767:
  Y_TEMPLATE_INT_DEFARG_SPECIAL Y_GLOBAL_NEW Y_INT Y_SCOPED_TIMES .
Y_TIMES Y_DEFARG_END $eof 
---

s/r conflict in state 877 on Y_TIMES:
	shift to 767
135 (087): partial-ptr-declarator <- Y_TIMES cv-qualifiers-opt

Sample sentence(s) for reduce of rule 135:
  Y_TEMPLATE_INT_DEFARG_SPECIAL Y_GLOBAL_NEW Y_INT Y_TIMES .
Y_TIMES Y_STRING Y_DEFARG_END $eof 
Sample sentence(s) for shift to state 767:
  Y_TEMPLATE_INT_DEFARG_SPECIAL Y_GLOBAL_NEW Y_INT Y_TIMES .
Y_TIMES Y_DEFARG_END $eof 
---

s/r conflict in state 930 on Y_TIMES:
	shift to 767
139 (08b): partial-ptr-declarator <- template-class-id Y_TEMPLATE_SCOPED_TIMES cv-qualifiers-opt

Sample sentence(s) for reduce of rule 139:
  Y_TEMPLATE_INT_DEFARG_SPECIAL Y_GLOBAL_NEW Y_INT 
Y_TEMPLATE_NAME Y_LT Y_GT Y_TEMPLATE_SCOPED_TIMES .
Y_TIMES Y_STRING Y_DEFARG_END $eof 
Sample sentence(s) for shift to state 767:
  Y_TEMPLATE_INT_DEFARG_SPECIAL Y_GLOBAL_NEW Y_INT 
Y_TEMPLATE_NAME Y_LT Y_GT Y_TEMPLATE_SCOPED_TIMES .
Y_TIMES Y_DEFARG_END $eof 
---

unit reduction states removed:              98
unit reduction optimizations:             3703
actions combined:                          113
parser states:                             899
# states (1 reduce only):                  397
reduce/reduce conflicts:                    11
shift/reduce conflicts:                     34
number of rules not reduced:                 0
bytes used in tables:                    34961
table space utilization:                    54
